This is pdfTeX, Version 3.1415926-2.5-1.40.14 (TeX Live 2013/Debian) (format=pdflatex 2018.1.23)  24 MAR 2018 22:52
entering extended mode
 restricted \write18 enabled.
 %&-line parsing enabled.
**root.tex
(./root.tex
LaTeX2e <2011/06/27>
Babel <3.9h> and hyphenation patterns for 12 languages loaded.
(./ieeeconf.cls
Document Class: ieeeconf 2016/4/23 revision V1.6b by Pradeep Misra
\@IEEEtrantmpdimenA=\dimen102
\@IEEEtrantmpdimenB=\dimen103
\@IEEEtrantmpcountA=\count79
\@IEEEtrantmpcountB=\count80
\@IEEEtrantmptoksA=\toks14
LaTeX Font Info:    Try loading font information for OT1+ptm on input line 794.

(/usr/share/texlive/texmf-dist/tex/latex/psnfss/ot1ptm.fd
File: ot1ptm.fd 2001/06/04 font definitions for OT1/ptm.
)
\@IEEEnormalsizefontbaselineskip=\skip41

-- This is a 10 point document.
\normalsizebaselineskip=\skip42
\normaljot=\skip43
LaTeX Font Info:    Font shape `OT1/ptm/bx/n' in size <5> not available
(Font)              Font shape `OT1/ptm/b/n' tried instead on input line 1113.
LaTeX Font Info:    Font shape `OT1/ptm/bx/it' in size <5> not available
(Font)              Font shape `OT1/ptm/b/it' tried instead on input line 1113.

LaTeX Font Info:    Font shape `OT1/ptm/bx/n' in size <7> not available
(Font)              Font shape `OT1/ptm/b/n' tried instead on input line 1113.
LaTeX Font Info:    Font shape `OT1/ptm/bx/it' in size <7> not available
(Font)              Font shape `OT1/ptm/b/it' tried instead on input line 1113.

LaTeX Font Info:    Font shape `OT1/ptm/bx/n' in size <8> not available
(Font)              Font shape `OT1/ptm/b/n' tried instead on input line 1113.
LaTeX Font Info:    Font shape `OT1/ptm/bx/it' in size <8> not available
(Font)              Font shape `OT1/ptm/b/it' tried instead on input line 1113.

LaTeX Font Info:    Font shape `OT1/ptm/bx/n' in size <9> not available
(Font)              Font shape `OT1/ptm/b/n' tried instead on input line 1113.
LaTeX Font Info:    Font shape `OT1/ptm/bx/it' in size <9> not available
(Font)              Font shape `OT1/ptm/b/it' tried instead on input line 1113.

LaTeX Font Info:    Font shape `OT1/ptm/bx/n' in size <10> not available
(Font)              Font shape `OT1/ptm/b/n' tried instead on input line 1113.
LaTeX Font Info:    Font shape `OT1/ptm/bx/it' in size <10> not available
(Font)              Font shape `OT1/ptm/b/it' tried instead on input line 1113.

LaTeX Font Info:    Font shape `OT1/ptm/bx/n' in size <11> not available
(Font)              Font shape `OT1/ptm/b/n' tried instead on input line 1113.
LaTeX Font Info:    Font shape `OT1/ptm/bx/it' in size <11> not available
(Font)              Font shape `OT1/ptm/b/it' tried instead on input line 1113.

LaTeX Font Info:    Font shape `OT1/ptm/bx/n' in size <12> not available
(Font)              Font shape `OT1/ptm/b/n' tried instead on input line 1113.
LaTeX Font Info:    Font shape `OT1/ptm/bx/it' in size <12> not available
(Font)              Font shape `OT1/ptm/b/it' tried instead on input line 1113.

LaTeX Font Info:    Font shape `OT1/ptm/bx/n' in size <16> not available
(Font)              Font shape `OT1/ptm/b/n' tried instead on input line 1113.
LaTeX Font Info:    Font shape `OT1/ptm/bx/it' in size <16> not available
(Font)              Font shape `OT1/ptm/b/it' tried instead on input line 1113.

LaTeX Font Info:    Font shape `OT1/ptm/bx/n' in size <20> not available
(Font)              Font shape `OT1/ptm/b/n' tried instead on input line 1113.
LaTeX Font Info:    Font shape `OT1/ptm/bx/it' in size <20> not available
(Font)              Font shape `OT1/ptm/b/it' tried instead on input line 1113.

LaTeX Font Info:    Font shape `OT1/ptm/bx/n' in size <24> not available
(Font)              Font shape `OT1/ptm/b/n' tried instead on input line 1113.
LaTeX Font Info:    Font shape `OT1/ptm/bx/it' in size <24> not available
(Font)              Font shape `OT1/ptm/b/it' tried instead on input line 1113.

\IEEEilabelindentA=\dimen104
\IEEEilabelindentB=\dimen105
\IEEEilabelindent=\dimen106
\IEEEelabelindent=\dimen107
\IEEEdlabelindent=\dimen108
\labelindent=\dimen109
\IEEEiednormlabelsep=\dimen110
\IEEEiedmathlabelsep=\dimen111
\IEEEiedtopsep=\skip44
\c@section=\count81
\c@subsection=\count82
\c@subsubsection=\count83
\c@paragraph=\count84
\c@IEEEsubequation=\count85
\abovecaptionskip=\skip45
\belowcaptionskip=\skip46
\c@figure=\count86
\c@table=\count87
\@IEEEeqnnumcols=\count88
\@IEEEeqncolcnt=\count89
\@IEEEtmpitemindent=\dimen112
\c@biography=\count90
\@IEEEtranrubishbin=\box26
)
** ATTENTION: Overriding command lockouts (line 9).
** ATTENTION: Overriding IEEE standard margins (line 12).
(/usr/share/texlive/texmf-dist/tex/latex/graphics/graphicx.sty
Package: graphicx 1999/02/16 v1.0f Enhanced LaTeX Graphics (DPC,SPQR)

(/usr/share/texlive/texmf-dist/tex/latex/graphics/keyval.sty
Package: keyval 1999/03/16 v1.13 key=value parser (DPC)
\KV@toks@=\toks15
)
(/usr/share/texlive/texmf-dist/tex/latex/graphics/graphics.sty
Package: graphics 2009/02/05 v1.0o Standard LaTeX Graphics (DPC,SPQR)

(/usr/share/texlive/texmf-dist/tex/latex/graphics/trig.sty
Package: trig 1999/03/16 v1.09 sin cos tan (DPC)
)
(/usr/share/texlive/texmf-dist/tex/latex/latexconfig/graphics.cfg
File: graphics.cfg 2010/04/23 v1.9 graphics configuration of TeX Live
)
Package graphics Info: Driver file: pdftex.def on input line 91.

(/usr/share/texlive/texmf-dist/tex/latex/pdftex-def/pdftex.def
File: pdftex.def 2011/05/27 v0.06d Graphics/color for pdfTeX

(/usr/share/texlive/texmf-dist/tex/generic/oberdiek/infwarerr.sty
Package: infwarerr 2010/04/08 v1.3 Providing info/warning/error messages (HO)
)
(/usr/share/texlive/texmf-dist/tex/generic/oberdiek/ltxcmds.sty
Package: ltxcmds 2011/11/09 v1.22 LaTeX kernel commands for general use (HO)
)
\Gread@gobject=\count91
))
\Gin@req@height=\dimen113
\Gin@req@width=\dimen114
)
(/usr/share/texlive/texmf-dist/tex/latex/subfigure/subfigure.sty
Package: subfigure 2002/03/15 v2.1.5 subfigure package


Package subfigure Warning: Your document class has a bad definition
 of \endfigure, most likely
 \let\endfigure=\end@float
 which has now been changed to
 \def\endfigure{\end@float}
 because otherwise subsequent changes to \end@float
 (like done by several packages changing float behaviour)
 can't take effect on \endfigure.
 Please complain to your document class author.


Package subfigure Warning: Your document class has a bad definition
 of \endtable, most likely
 \let\endtable=\end@float
 which has now been changed to
 \def\endtable{\end@float}
 because otherwise subsequent changes to \end@float
 (like done by several packages changing float behaviour)
 can't take effect on \endtable.
 Please complain to your document class author.

\subfigtopskip=\skip47
\subfigcapskip=\skip48
\subfigcaptopadj=\dimen115
\subfigbottomskip=\skip49
\subfigcapmargin=\dimen116
\subfiglabelskip=\skip50
\c@subfigure=\count92
\c@lofdepth=\count93
\c@subtable=\count94
\c@lotdepth=\count95
****************************************
* Local config file subfigure.cfg used *
****************************************
(/usr/share/texlive/texmf-dist/tex/latex/subfigure/subfigure.cfg)
\subfig@top=\skip51
\subfig@bottom=\skip52
)
(/usr/share/texlive/texmf-dist/tex/latex/base/fixltx2e.sty
Package: fixltx2e 2006/09/13 v1.1m fixes to LaTeX
LaTeX Info: Redefining \em on input line 420.
)
(/usr/share/texlive/texmf-dist/tex/latex/refstyle/refstyle.sty
Package: refstyle 2010/11/02 v0.5 Reference formatting (DNJ Els)
Package refstyle Info: Config file refstyle.cfg used on input line 322.

(/usr/share/texlive/texmf-dist/tex/latex/refstyle/refstyle.cfg
File: refstyle.cfg 2010/11/02 0.5 Configuration file for refstyle (DNJ Els)
Package refstyle Info: New reference template \newref{part} on input line 468.
Package refstyle Info: \partkey created on input line 468.
Package refstyle Info: \partlabel created on input line 468.
Package refstyle Info: \partref created on input line 468.
Package refstyle Info: \Partref created on input line 468.
Package refstyle Info: \partrangeref created on input line 468.
Package refstyle Info: \Partrangeref created on input line 468.
Package refstyle Info: \partpageref created on input line 468.
Package refstyle Info: New reference template \newref{chap} on input line 501.
Package refstyle Info: \chapkey created on input line 501.
Package refstyle Info: \chaplabel created on input line 501.
Package refstyle Info: \chapref created on input line 501.
Package refstyle Info: \Chapref created on input line 501.
Package refstyle Info: \chaprangeref created on input line 501.
Package refstyle Info: \Chaprangeref created on input line 501.
Package refstyle Info: \chappageref created on input line 501.
Package refstyle Info: New reference template \newref{sec} on input line 511.
Package refstyle Info: \seckey created on input line 511.
Package refstyle Info: \seclabel created on input line 511.
Package refstyle Info: \secref created on input line 511.
Package refstyle Info: \Secref created on input line 511.
Package refstyle Info: \secrangeref created on input line 511.
Package refstyle Info: \Secrangeref created on input line 511.
Package refstyle Info: \secpageref created on input line 511.
Package refstyle Info: New reference template \newref{eq} on input line 526.
Package refstyle Info: \eqkey created on input line 526.
Package refstyle Info: \eqlabel created on input line 526.
Package refstyle Info: \eqref created on input line 526.
Package refstyle Info: \Eqref created on input line 526.
Package refstyle Info: \eqrangeref created on input line 526.
Package refstyle Info: \Eqrangeref created on input line 526.
Package refstyle Info: \eqpageref created on input line 526.
Package refstyle Info: New reference template \newref{fig} on input line 544.
Package refstyle Info: \figkey created on input line 544.
Package refstyle Info: \figlabel created on input line 544.
Package refstyle Info: \figref created on input line 544.
Package refstyle Info: \Figref created on input line 544.
Package refstyle Info: \figrangeref created on input line 544.
Package refstyle Info: \Figrangeref created on input line 544.
Package refstyle Info: \figpageref created on input line 544.
Package refstyle Info: New reference template \newref{tab} on input line 553.
Package refstyle Info: \tabkey created on input line 553.
Package refstyle Info: \tablabel created on input line 553.
Package refstyle Info: \tabref created on input line 553.
Package refstyle Info: \Tabref created on input line 553.
Package refstyle Info: \tabrangeref created on input line 553.
Package refstyle Info: \Tabrangeref created on input line 553.
Package refstyle Info: \tabpageref created on input line 553.
Package refstyle Info: New reference template \newref{fn} on input line 568.
Package refstyle Info: \fnkey created on input line 568.
Package refstyle Info: \fnlabel created on input line 568.
Package refstyle Info: \fnref created on input line 568.
Package refstyle Info: \Fnref created on input line 568.
Package refstyle Info: \fnrangeref created on input line 568.
Package refstyle Info: \Fnrangeref created on input line 568.
Package refstyle Info: \fnpageref created on input line 568.
))
(/usr/share/texlive/texmf-dist/tex/latex/float/float.sty
Package: float 2001/11/08 v1.3d Float enhancements (AL)
\c@float@type=\count96
\float@exts=\toks16
\float@box=\box27
\@float@everytoks=\toks17
\@floatcapt=\box28
)
(/usr/share/texlive/texmf-dist/tex/latex/tools/multicol.sty
Package: multicol 2011/06/27 v1.7a multicolumn formatting (FMi)
\c@tracingmulticols=\count97
\mult@box=\box29
\multicol@leftmargin=\dimen117
\c@unbalance=\count98
\c@collectmore=\count99
\doublecol@number=\count100
\multicoltolerance=\count101
\multicolpretolerance=\count102
\full@width=\dimen118
\page@free=\dimen119
\premulticols=\dimen120
\postmulticols=\dimen121
\multicolsep=\skip53
\multicolbaselineskip=\skip54
\partial@page=\box30
\last@line=\box31
\mult@rightbox=\box32
\mult@grightbox=\box33
\mult@gfirstbox=\box34
\mult@firstbox=\box35
\@tempa=\box36
\@tempa=\box37
\@tempa=\box38
\@tempa=\box39
\@tempa=\box40
\@tempa=\box41
\@tempa=\box42
\@tempa=\box43
\@tempa=\box44
\@tempa=\box45
\@tempa=\box46
\@tempa=\box47
\@tempa=\box48
\@tempa=\box49
\@tempa=\box50
\@tempa=\box51
\@tempa=\box52
\c@columnbadness=\count103
\c@finalcolumnbadness=\count104
\last@try=\dimen122
\multicolovershoot=\dimen123
\multicolundershoot=\dimen124
\mult@nat@firstbox=\box53
\colbreak@box=\box54
\multicol@sort@counter=\count105
)
(/usr/share/texlive/texmf-dist/tex/latex/multirow/multirow.sty
\bigstrutjot=\dimen125
)
(/usr/share/texlive/texmf-dist/tex/latex/booktabs/booktabs.sty
Package: booktabs 2005/04/14 v1.61803 publication quality tables
\heavyrulewidth=\dimen126
\lightrulewidth=\dimen127
\cmidrulewidth=\dimen128
\belowrulesep=\dimen129
\belowbottomsep=\dimen130
\aboverulesep=\dimen131
\abovetopsep=\dimen132
\cmidrulesep=\dimen133
\cmidrulekern=\dimen134
\defaultaddspace=\dimen135
\@cmidla=\count106
\@cmidlb=\count107
\@aboverulesep=\dimen136
\@belowrulesep=\dimen137
\@thisruleclass=\count108
\@lastruleclass=\count109
\@thisrulewidth=\dimen138
)
(/usr/share/texlive/texmf-dist/tex/latex/diagbox/diagbox.sty
Package: diagbox 2011/11/23 v2.0 Making table heads with diagonal lines

(/usr/share/texlive/texmf-dist/tex/latex/pict2e/pict2e.sty
Package: pict2e 2014/01/12 v0.2z Improved picture commands (HjG,RN,JT)

(/usr/share/texlive/texmf-dist/tex/latex/pict2e/pict2e.cfg
File: pict2e.cfg 2011/04/05 v0.1t pict2e configuration for teTeX/TeXLive
)
Package pict2e Info: Driver file: pdftex.def on input line 119.
Package pict2e Info: Driver file for pict2e: p2e-pdftex.def on input line 121.

(/usr/share/texlive/texmf-dist/tex/latex/pict2e/p2e-pdftex.def
File: p2e-pdftex.def 2011/04/05 v0.1t Driver-dependant file (RN,HjG,JT)
)
\pIIe@GRAPH=\toks18
\@arclen=\dimen139
\@arcrad=\dimen140
\@tempdimd=\dimen141
)
(/usr/share/texlive/texmf-dist/tex/latex/fp/fp.sty
Package: fp 1995/04/02

`Fixed Point Package', Version 0.8, April 2, 1995 (C) Michael Mehlich
(/usr/share/texlive/texmf-dist/tex/latex/fp/defpattern.sty
Package: defpattern 1994/10/12
\actioncount=\count110
)
(/usr/share/texlive/texmf-dist/tex/latex/fp/fp-basic.sty
Package: fp-basic 1996/05/13
\FP@xs=\count111
\FP@xia=\count112
\FP@xib=\count113
\FP@xfa=\count114
\FP@xfb=\count115
\FP@rega=\count116
\FP@regb=\count117
\FP@regs=\count118
\FP@times=\count119
)
(/usr/share/texlive/texmf-dist/tex/latex/fp/fp-addons.sty
Package: fp-addons 1995/03/15
)
(/usr/share/texlive/texmf-dist/tex/latex/fp/fp-snap.sty
Package: fp-snap 1995/04/05
)
(/usr/share/texlive/texmf-dist/tex/latex/fp/fp-exp.sty
Package: fp-exp 1995/04/03
)
(/usr/share/texlive/texmf-dist/tex/latex/fp/fp-trigo.sty
Package: fp-trigo 1995/04/14
)
(/usr/share/texlive/texmf-dist/tex/latex/fp/fp-pas.sty
Package: fp-pas 1994/08/29
)
(/usr/share/texlive/texmf-dist/tex/latex/fp/fp-random.sty
Package: fp-random 1995/02/23
\FPseed=\count120
)
(/usr/share/texlive/texmf-dist/tex/latex/fp/fp-eqn.sty
Package: fp-eqn 1995/04/03
)
(/usr/share/texlive/texmf-dist/tex/latex/fp/fp-upn.sty
Package: fp-upn 1996/10/21
)
(/usr/share/texlive/texmf-dist/tex/latex/fp/fp-eval.sty
Package: fp-eval 1995/04/03
))
\diagbox@boxa=\box55
\diagbox@boxb=\box56
\diagbox@boxm=\box57
\diagbox@wd=\dimen142
\diagbox@ht=\dimen143
\diagbox@sepl=\dimen144
\diagbox@sepr=\dimen145
)
(/usr/share/texlive/texmf-dist/tex/latex/tools/tabularx.sty
Package: tabularx 1999/01/07 v2.07 `tabularx' package (DPC)

(/usr/share/texlive/texmf-dist/tex/latex/tools/array.sty
Package: array 2008/09/09 v2.4c Tabular extension package (FMi)
\col@sep=\dimen146
\extrarowheight=\dimen147
\NC@list=\toks19
\extratabsurround=\skip55
\backup@length=\skip56
)
\TX@col@width=\dimen148
\TX@old@table=\dimen149
\TX@old@col=\dimen150
\TX@target=\dimen151
\TX@delta=\dimen152
\TX@cols=\count121
\TX@ftn=\toks20
)
(/usr/share/texlive/texmf-dist/tex/latex/fancyhdr/fancyhdr.sty
\fancy@headwidth=\skip57
\f@ncyO@elh=\skip58
\f@ncyO@erh=\skip59
\f@ncyO@olh=\skip60
\f@ncyO@orh=\skip61
\f@ncyO@elf=\skip62
\f@ncyO@erf=\skip63
\f@ncyO@olf=\skip64
\f@ncyO@orf=\skip65
)
(/usr/share/texlive/texmf-dist/tex/latex/amsmath/amsmath.sty
Package: amsmath 2013/01/14 v2.14 AMS math features
\@mathmargin=\skip66

For additional information on amsmath, use the `?' option.
(/usr/share/texlive/texmf-dist/tex/latex/amsmath/amstext.sty
Package: amstext 2000/06/29 v2.01

(/usr/share/texlive/texmf-dist/tex/latex/amsmath/amsgen.sty
File: amsgen.sty 1999/11/30 v2.0
\@emptytoks=\toks21
\ex@=\dimen153
))
(/usr/share/texlive/texmf-dist/tex/latex/amsmath/amsbsy.sty
Package: amsbsy 1999/11/29 v1.2d
\pmbraise@=\dimen154
)
(/usr/share/texlive/texmf-dist/tex/latex/amsmath/amsopn.sty
Package: amsopn 1999/12/14 v2.01 operator names
)
\inf@bad=\count122
LaTeX Info: Redefining \frac on input line 210.
\uproot@=\count123
\leftroot@=\count124
LaTeX Info: Redefining \overline on input line 306.
\classnum@=\count125
\DOTSCASE@=\count126
LaTeX Info: Redefining \ldots on input line 378.
LaTeX Info: Redefining \dots on input line 381.
LaTeX Info: Redefining \cdots on input line 466.
\Mathstrutbox@=\box58
\strutbox@=\box59
\big@size=\dimen155
LaTeX Font Info:    Redeclaring font encoding OML on input line 566.
LaTeX Font Info:    Redeclaring font encoding OMS on input line 567.
\macc@depth=\count127
\c@MaxMatrixCols=\count128
\dotsspace@=\muskip10
\c@parentequation=\count129
\dspbrk@lvl=\count130
\tag@help=\toks22
\row@=\count131
\column@=\count132
\maxfields@=\count133
\andhelp@=\toks23
\eqnshift@=\dimen156
\alignsep@=\dimen157
\tagshift@=\dimen158
\tagwidth@=\dimen159
\totwidth@=\dimen160
\lineht@=\dimen161
\@envbody=\toks24
\multlinegap=\skip67
\multlinetaggap=\skip68
\mathdisplay@stack=\toks25
LaTeX Info: Redefining \[ on input line 2665.
LaTeX Info: Redefining \] on input line 2666.
)
(/usr/share/texlive/texmf-dist/tex/latex/algorithms/algorithm.sty
Package: algorithm 2009/08/24 v0.1 Document Style `algorithm' - floating enviro
nment

(/usr/share/texlive/texmf-dist/tex/latex/base/ifthen.sty
Package: ifthen 2001/05/26 v1.1c Standard LaTeX ifthen package (DPC)
)
\@float@every@algorithm=\toks26
\c@algorithm=\count134
)
(/usr/share/texlive/texmf-dist/tex/latex/algorithmicx/algorithmicx.sty
Package: algorithmicx 2005/04/27 v1.2 Algorithmicx

Document Style algorithmicx 1.2 - a greatly improved `algorithmic' style
\c@ALG@line=\count135
\c@ALG@rem=\count136
\c@ALG@nested=\count137
\ALG@tlm=\skip69
\ALG@thistlm=\skip70
\c@ALG@Lnr=\count138
\c@ALG@blocknr=\count139
\c@ALG@storecount=\count140
\c@ALG@tmpcounter=\count141
\ALG@tmplength=\skip71
) (/usr/share/texlive/texmf-dist/tex/latex/algorithmicx/algpseudocode.sty
Package: algpseudocode 

Document Style - pseudocode environments for use with the `algorithmicx' style
) (/usr/share/texlive/texmf-dist/tex/latex/amsfonts/amssymb.sty
Package: amssymb 2013/01/14 v3.01 AMS font symbols

(/usr/share/texlive/texmf-dist/tex/latex/amsfonts/amsfonts.sty
Package: amsfonts 2013/01/14 v3.01 Basic AMSFonts support
\symAMSa=\mathgroup4
\symAMSb=\mathgroup5
LaTeX Font Info:    Overwriting math alphabet `\mathfrak' in version `bold'
(Font)                  U/euf/m/n --> U/euf/b/n on input line 106.
))
(/usr/share/texlive/texmf-dist/tex/latex/tools/bm.sty
Package: bm 2004/02/26 v1.1c Bold Symbol Support (DPC/FMi)
\symboldoperators=\mathgroup6
\symboldletters=\mathgroup7
\symboldsymbols=\mathgroup8
LaTeX Font Info:    Redeclaring math alphabet \mathbf on input line 138.
LaTeX Info: Redefining \bm on input line 204.
) (./root.aux)
\openout1 = `root.aux'.

LaTeX Font Info:    Checking defaults for OML/cmm/m/it on input line 80.
LaTeX Font Info:    ... okay on input line 80.
LaTeX Font Info:    Checking defaults for T1/cmr/m/n on input line 80.
LaTeX Font Info:    ... okay on input line 80.
LaTeX Font Info:    Checking defaults for OT1/cmr/m/n on input line 80.
LaTeX Font Info:    ... okay on input line 80.
LaTeX Font Info:    Checking defaults for OMS/cmsy/m/n on input line 80.
LaTeX Font Info:    ... okay on input line 80.
LaTeX Font Info:    Checking defaults for OMX/cmex/m/n on input line 80.
LaTeX Font Info:    ... okay on input line 80.
LaTeX Font Info:    Checking defaults for U/cmr/m/n on input line 80.
LaTeX Font Info:    ... okay on input line 80.

(/usr/share/texlive/texmf-dist/tex/context/base/supp-pdf.mkii
[Loading MPS to PDF converter (version 2006.09.02).]
\scratchcounter=\count142
\scratchdimen=\dimen162
\scratchbox=\box60
\nofMPsegments=\count143
\nofMParguments=\count144
\everyMPshowfont=\toks27
\MPscratchCnt=\count145
\MPscratchDim=\dimen163
\MPnumerator=\count146
\makeMPintoPDFobject=\count147
\everyMPtoPDFconversion=\toks28
) (/usr/share/texlive/texmf-dist/tex/generic/oberdiek/pdftexcmds.sty
Package: pdftexcmds 2011/11/29 v0.20 Utility functions of pdfTeX for LuaTeX (HO
)

(/usr/share/texlive/texmf-dist/tex/generic/oberdiek/ifluatex.sty
Package: ifluatex 2010/03/01 v1.3 Provides the ifluatex switch (HO)
Package ifluatex Info: LuaTeX not detected.
)
(/usr/share/texlive/texmf-dist/tex/generic/oberdiek/ifpdf.sty
Package: ifpdf 2011/01/30 v2.3 Provides the ifpdf switch (HO)
Package ifpdf Info: pdfTeX in PDF mode is detected.
)
Package pdftexcmds Info: LuaTeX not detected.
Package pdftexcmds Info: \pdf@primitive is available.
Package pdftexcmds Info: \pdf@ifprimitive is available.
Package pdftexcmds Info: \pdfdraftmode found.
)
(/usr/share/texlive/texmf-dist/tex/latex/oberdiek/epstopdf-base.sty
Package: epstopdf-base 2010/02/09 v2.5 Base part for package epstopdf

(/usr/share/texlive/texmf-dist/tex/latex/oberdiek/grfext.sty
Package: grfext 2010/08/19 v1.1 Manage graphics extensions (HO)

(/usr/share/texlive/texmf-dist/tex/generic/oberdiek/kvdefinekeys.sty
Package: kvdefinekeys 2011/04/07 v1.3 Define keys (HO)
))
(/usr/share/texlive/texmf-dist/tex/latex/oberdiek/kvoptions.sty
Package: kvoptions 2011/06/30 v3.11 Key value format for package options (HO)

(/usr/share/texlive/texmf-dist/tex/generic/oberdiek/kvsetkeys.sty
Package: kvsetkeys 2012/04/25 v1.16 Key value parser (HO)

(/usr/share/texlive/texmf-dist/tex/generic/oberdiek/etexcmds.sty
Package: etexcmds 2011/02/16 v1.5 Avoid name clashes with e-TeX commands (HO)
Package etexcmds Info: Could not find \expanded.
(etexcmds)             That can mean that you are not using pdfTeX 1.50 or
(etexcmds)             that some package has redefined \expanded.
(etexcmds)             In the latter case, load this package earlier.
)))
Package grfext Info: Graphics extension search list:
(grfext)             [.png,.pdf,.jpg,.mps,.jpeg,.jbig2,.jb2,.PNG,.PDF,.JPG,.JPE
G,.JBIG2,.JB2,.eps]
(grfext)             \AppendGraphicsExtensions on input line 452.

(/usr/share/texlive/texmf-dist/tex/latex/latexconfig/epstopdf-sys.cfg
File: epstopdf-sys.cfg 2010/07/13 v1.3 Configuration of (r)epstopdf for TeX Liv
e
))
LaTeX Font Info:    Calculating math sizes for size <11> on input line 83.
LaTeX Font Info:    Try loading font information for U+msa on input line 83.

(/usr/share/texlive/texmf-dist/tex/latex/amsfonts/umsa.fd
File: umsa.fd 2013/01/14 v3.01 AMS symbols A
)
LaTeX Font Info:    Try loading font information for U+msb on input line 83.

(/usr/share/texlive/texmf-dist/tex/latex/amsfonts/umsb.fd
File: umsb.fd 2013/01/14 v3.01 AMS symbols B
) (./introduction.tex
Missing character: There is no â in font ptmr7t!
Missing character: There is no € in font ptmr7t!
Missing character: There is no ™ in font ptmr7t!

Underfull \vbox (badness 4543) has occurred while \output is active []

 [1{/var/lib/texmf/fonts/map/pdftex/updmap/pdftex.map}


]) (./Overview.tex
Package epstopdf Info: Source file: <fig/mainwork/stepMap.eps>
(epstopdf)                    date: 2018-02-27 15:47:16
(epstopdf)                    size: 285902 bytes
(epstopdf)             Output file: <fig/mainwork/stepMap-eps-converted-to.pdf>

(epstopdf)                    date: 2018-02-27 15:47:35
(epstopdf)                    size: 133076 bytes
(epstopdf)             Command: <repstopdf --outfile=fig/mainwork/stepMap-eps-c
onverted-to.pdf fig/mainwork/stepMap.eps>
(epstopdf)             \includegraphics on input line 5.
Package epstopdf Info: Output file is already uptodate.

<fig/mainwork/stepMap-eps-converted-to.pdf, id=11, 843.15pt x 463.7325pt>
File: fig/mainwork/stepMap-eps-converted-to.pdf Graphic file (type pdf)

<use fig/mainwork/stepMap-eps-converted-to.pdf>
Package pdftex.def Info: fig/mainwork/stepMap-eps-converted-to.pdf used on inpu
t line 5.
(pdftex.def)             Requested size: 245.71658pt x 139.99823pt.
) (./mainwork.tex [2 <./fig/mainwork/stepMap-eps-converted-to.pdf>]
Overfull \hbox (18.32228pt too wide) in alignment at lines 174--178
 [][][] []
 []

[3]) (./experiment.tex
Package epstopdf Info: Source file: <fig/experiment/170912/clusize.eps>
(epstopdf)                    date: 2018-02-26 15:55:14
(epstopdf)                    size: 22030 bytes
(epstopdf)             Output file: <fig/experiment/170912/clusize-eps-converte
d-to.pdf>
(epstopdf)                    date: 2018-02-26 15:56:18
(epstopdf)                    size: 7455 bytes
(epstopdf)             Command: <repstopdf --outfile=fig/experiment/170912/clus
ize-eps-converted-to.pdf fig/experiment/170912/clusize.eps>
(epstopdf)             \includegraphics on input line 12.
Package epstopdf Info: Output file is already uptodate.

<fig/experiment/170912/clusize-eps-converted-to.pdf, id=43, 542.025pt x 201.753
75pt>
File: fig/experiment/170912/clusize-eps-converted-to.pdf Graphic file (type pdf
)
 <use fig/experiment/170912/clusize-eps-converted-to.pdf>
Package pdftex.def Info: fig/experiment/170912/clusize-eps-converted-to.pdf use
d on input line 12.
(pdftex.def)             Requested size: 245.72026pt x 124.99982pt.
Package epstopdf Info: Source file: <fig/experiment/170912/cluster.eps>
(epstopdf)                    date: 2018-01-29 15:22:30
(epstopdf)                    size: 28498 bytes
(epstopdf)             Output file: <fig/experiment/170912/cluster-eps-converte
d-to.pdf>
(epstopdf)                    date: 2018-01-29 15:23:07
(epstopdf)                    size: 8523 bytes
(epstopdf)             Command: <repstopdf --outfile=fig/experiment/170912/clus
ter-eps-converted-to.pdf fig/experiment/170912/cluster.eps>
(epstopdf)             \includegraphics on input line 19.
Package epstopdf Info: Output file is already uptodate.

<fig/experiment/170912/cluster-eps-converted-to.pdf, id=44, 361.35pt x 252.945p
t>
File: fig/experiment/170912/cluster-eps-converted-to.pdf Graphic file (type pdf
)
 <use fig/experiment/170912/cluster-eps-converted-to.pdf>
Package pdftex.def Info: fig/experiment/170912/cluster-eps-converted-to.pdf use
d on input line 19.
(pdftex.def)             Requested size: 196.57523pt x 137.60335pt.
Package epstopdf Info: Source file: <fig/experiment/BSB/34s.eps>
(epstopdf)                    date: 2018-02-28 15:23:02
(epstopdf)                    size: 310315 bytes
(epstopdf)             Output file: <fig/experiment/BSB/34s-eps-converted-to.pd
f>
(epstopdf)                    date: 2018-02-28 15:24:35
(epstopdf)                    size: 27006 bytes
(epstopdf)             Command: <repstopdf --outfile=fig/experiment/BSB/34s-eps
-converted-to.pdf fig/experiment/BSB/34s.eps>
(epstopdf)             \includegraphics on input line 30.
Package epstopdf Info: Output file is already uptodate.

<fig/experiment/BSB/34s-eps-converted-to.pdf, id=45, 110.4125pt x 436.63126pt>
File: fig/experiment/BSB/34s-eps-converted-to.pdf Graphic file (type pdf)

<use fig/experiment/BSB/34s-eps-converted-to.pdf>
Package pdftex.def Info: fig/experiment/BSB/34s-eps-converted-to.pdf used on in
put line 30.
(pdftex.def)             Requested size: 60.70514pt x 144.53514pt.
Package epstopdf Info: Source file: <fig/experiment/BSB/49s.eps>
(epstopdf)                    date: 2018-02-28 15:23:02
(epstopdf)                    size: 308595 bytes
(epstopdf)             Output file: <fig/experiment/BSB/49s-eps-converted-to.pd
f>
(epstopdf)                    date: 2018-02-28 15:25:26
(epstopdf)                    size: 30732 bytes
(epstopdf)             Command: <repstopdf --outfile=fig/experiment/BSB/49s-eps
-converted-to.pdf fig/experiment/BSB/49s.eps>
(epstopdf)             \includegraphics on input line 33.
Package epstopdf Info: Output file is already uptodate.

<fig/experiment/BSB/49s-eps-converted-to.pdf, id=46, 110.4125pt x 436.63126pt>
File: fig/experiment/BSB/49s-eps-converted-to.pdf Graphic file (type pdf)

<use fig/experiment/BSB/49s-eps-converted-to.pdf>
Package pdftex.def Info: fig/experiment/BSB/49s-eps-converted-to.pdf used on in
put line 33.
(pdftex.def)             Requested size: 60.70514pt x 144.53514pt.
Package epstopdf Info: Source file: <fig/experiment/BSB/1m05s.eps>
(epstopdf)                    date: 2018-02-28 15:23:02
(epstopdf)                    size: 307764 bytes
(epstopdf)             Output file: <fig/experiment/BSB/1m05s-eps-converted-to.
pdf>
(epstopdf)                    date: 2018-02-28 15:25:27
(epstopdf)                    size: 30509 bytes
(epstopdf)             Command: <repstopdf --outfile=fig/experiment/BSB/1m05s-e
ps-converted-to.pdf fig/experiment/BSB/1m05s.eps>
(epstopdf)             \includegraphics on input line 36.
Package epstopdf Info: Output file is already uptodate.

<fig/experiment/BSB/1m05s-eps-converted-to.pdf, id=47, 110.4125pt x 436.63126pt
>
File: fig/experiment/BSB/1m05s-eps-converted-to.pdf Graphic file (type pdf)
 <use fig/experiment/BSB/1m05s-eps-converted-to.pdf>
Package pdftex.def Info: fig/experiment/BSB/1m05s-eps-converted-to.pdf used on 
input line 36.
(pdftex.def)             Requested size: 60.70514pt x 144.53514pt.
Package epstopdf Info: Source file: <fig/experiment/BSB/1m17s.eps>
(epstopdf)                    date: 2018-02-28 15:23:02
(epstopdf)                    size: 309331 bytes
(epstopdf)             Output file: <fig/experiment/BSB/1m17s-eps-converted-to.
pdf>
(epstopdf)                    date: 2018-02-28 15:25:28
(epstopdf)                    size: 32487 bytes
(epstopdf)             Command: <repstopdf --outfile=fig/experiment/BSB/1m17s-e
ps-converted-to.pdf fig/experiment/BSB/1m17s.eps>
(epstopdf)             \includegraphics on input line 39.
Package epstopdf Info: Output file is already uptodate.

<fig/experiment/BSB/1m17s-eps-converted-to.pdf, id=48, 110.4125pt x 436.63126pt
>
File: fig/experiment/BSB/1m17s-eps-converted-to.pdf Graphic file (type pdf)
 <use fig/experiment/BSB/1m17s-eps-converted-to.pdf>
Package pdftex.def Info: fig/experiment/BSB/1m17s-eps-converted-to.pdf used on 
input line 39.
(pdftex.def)             Requested size: 60.70514pt x 144.53514pt.
Package epstopdf Info: Source file: <fig/experiment/BSB/1m27s.eps>
(epstopdf)                    date: 2018-02-28 15:23:02
(epstopdf)                    size: 313725 bytes
(epstopdf)             Output file: <fig/experiment/BSB/1m27s-eps-converted-to.
pdf>
(epstopdf)                    date: 2018-02-28 15:25:28
(epstopdf)                    size: 33181 bytes
(epstopdf)             Command: <repstopdf --outfile=fig/experiment/BSB/1m27s-e
ps-converted-to.pdf fig/experiment/BSB/1m27s.eps>
(epstopdf)             \includegraphics on input line 42.
Package epstopdf Info: Output file is already uptodate.

<fig/experiment/BSB/1m27s-eps-converted-to.pdf, id=49, 110.4125pt x 436.63126pt
>
File: fig/experiment/BSB/1m27s-eps-converted-to.pdf Graphic file (type pdf)
 <use fig/experiment/BSB/1m27s-eps-converted-to.pdf>
Package pdftex.def Info: fig/experiment/BSB/1m27s-eps-converted-to.pdf used on 
input line 42.
(pdftex.def)             Requested size: 60.70514pt x 144.53514pt.
Package epstopdf Info: Source file: <fig/experiment/BSB/1m35s.eps>
(epstopdf)                    date: 2018-02-28 15:23:02
(epstopdf)                    size: 317130 bytes
(epstopdf)             Output file: <fig/experiment/BSB/1m35s-eps-converted-to.
pdf>
(epstopdf)                    date: 2018-02-28 15:25:39
(epstopdf)                    size: 34734 bytes
(epstopdf)             Command: <repstopdf --outfile=fig/experiment/BSB/1m35s-e
ps-converted-to.pdf fig/experiment/BSB/1m35s.eps>
(epstopdf)             \includegraphics on input line 45.
Package epstopdf Info: Output file is already uptodate.

<fig/experiment/BSB/1m35s-eps-converted-to.pdf, id=50, 110.4125pt x 436.63126pt
>
File: fig/experiment/BSB/1m35s-eps-converted-to.pdf Graphic file (type pdf)
 <use fig/experiment/BSB/1m35s-eps-converted-to.pdf>
Package pdftex.def Info: fig/experiment/BSB/1m35s-eps-converted-to.pdf used on 
input line 45.
(pdftex.def)             Requested size: 60.70514pt x 144.53514pt.
Package epstopdf Info: Source file: <fig/experiment/BSB/a.eps>
(epstopdf)                    date: 2018-02-28 20:23:21
(epstopdf)                    size: 21256 bytes
(epstopdf)             Output file: <fig/experiment/BSB/a-eps-converted-to.pdf>

(epstopdf)                    date: 2018-02-28 20:23:54
(epstopdf)                    size: 7630 bytes
(epstopdf)             Command: <repstopdf --outfile=fig/experiment/BSB/a-eps-c
onverted-to.pdf fig/experiment/BSB/a.eps>
(epstopdf)             \includegraphics on input line 50.
Package epstopdf Info: Output file is already uptodate.

<fig/experiment/BSB/a-eps-converted-to.pdf, id=51, 289.08pt x 201.75375pt>
File: fig/experiment/BSB/a-eps-converted-to.pdf Graphic file (type pdf)

<use fig/experiment/BSB/a-eps-converted-to.pdf>
Package pdftex.def Info: fig/experiment/BSB/a-eps-converted-to.pdf used on inpu
t line 50.
(pdftex.def)             Requested size: 113.99788pt x 94.99974pt.
Package epstopdf Info: Source file: <fig/experiment/BSB/p.eps>
(epstopdf)                    date: 2018-02-28 20:25:28
(epstopdf)                    size: 22683 bytes
(epstopdf)             Output file: <fig/experiment/BSB/p-eps-converted-to.pdf>

(epstopdf)                    date: 2018-02-28 20:25:43
(epstopdf)                    size: 7369 bytes
(epstopdf)             Command: <repstopdf --outfile=fig/experiment/BSB/p-eps-c
onverted-to.pdf fig/experiment/BSB/p.eps>
(epstopdf)             \includegraphics on input line 54.
Package epstopdf Info: Output file is already uptodate.

<fig/experiment/BSB/p-eps-converted-to.pdf, id=52, 289.08pt x 201.75375pt>
File: fig/experiment/BSB/p-eps-converted-to.pdf Graphic file (type pdf)

<use fig/experiment/BSB/p-eps-converted-to.pdf>
Package pdftex.def Info: fig/experiment/BSB/p-eps-converted-to.pdf used on inpu
t line 54.
(pdftex.def)             Requested size: 113.99788pt x 94.99974pt.
Package epstopdf Info: Source file: <fig/experiment/BSB/w.eps>
(epstopdf)                    date: 2018-02-28 20:23:18
(epstopdf)                    size: 21075 bytes
(epstopdf)             Output file: <fig/experiment/BSB/w-eps-converted-to.pdf>

(epstopdf)                    date: 2018-02-28 20:23:54
(epstopdf)                    size: 7755 bytes
(epstopdf)             Command: <repstopdf --outfile=fig/experiment/BSB/w-eps-c
onverted-to.pdf fig/experiment/BSB/w.eps>
(epstopdf)             \includegraphics on input line 59.
Package epstopdf Info: Output file is already uptodate.

<fig/experiment/BSB/w-eps-converted-to.pdf, id=53, 289.08pt x 201.75375pt>
File: fig/experiment/BSB/w-eps-converted-to.pdf Graphic file (type pdf)

<use fig/experiment/BSB/w-eps-converted-to.pdf>
Package pdftex.def Info: fig/experiment/BSB/w-eps-converted-to.pdf used on inpu
t line 59.
(pdftex.def)             Requested size: 113.99788pt x 94.99974pt.
Package epstopdf Info: Source file: <fig/experiment/BSB/v.eps>
(epstopdf)                    date: 2018-02-28 20:22:09
(epstopdf)                    size: 33037 bytes
(epstopdf)             Output file: <fig/experiment/BSB/v-eps-converted-to.pdf>

(epstopdf)                    date: 2018-02-28 20:23:55
(epstopdf)                    size: 14665 bytes
(epstopdf)             Command: <repstopdf --outfile=fig/experiment/BSB/v-eps-c
onverted-to.pdf fig/experiment/BSB/v.eps>
(epstopdf)             \includegraphics on input line 63.
Package epstopdf Info: Output file is already uptodate.

<fig/experiment/BSB/v-eps-converted-to.pdf, id=54, 289.08pt x 201.75375pt>
File: fig/experiment/BSB/v-eps-converted-to.pdf Graphic file (type pdf)

<use fig/experiment/BSB/v-eps-converted-to.pdf>
Package pdftex.def Info: fig/experiment/BSB/v-eps-converted-to.pdf used on inpu
t line 63.
(pdftex.def)             Requested size: 113.99788pt x 94.99974pt.


LaTeX Warning: `!h' float specifier changed to `!ht'.

[4 <./fig/experiment/170912/clusize-eps-converted-to.pdf>]
Missing character: There is no ï in font ptmr7t!
Missing character: There is no ¼ in font ptmr7t!
Missing character: There is no Œ in font ptmr7t!
Package epstopdf Info: Source file: <fig/experiment/170912/samplifier.eps>
(epstopdf)                    date: 2018-02-28 20:19:20
(epstopdf)                    size: 24660 bytes
(epstopdf)             Output file: <fig/experiment/170912/samplifier-eps-conve
rted-to.pdf>
(epstopdf)                    date: 2018-02-28 20:19:46
(epstopdf)                    size: 10429 bytes
(epstopdf)             Command: <repstopdf --outfile=fig/experiment/170912/samp
lifier-eps-converted-to.pdf fig/experiment/170912/samplifier.eps>
(epstopdf)             \includegraphics on input line 155.
Package epstopdf Info: Output file is already uptodate.

<fig/experiment/170912/samplifier-eps-converted-to.pdf, id=63, 289.08pt x 201.7
5375pt>
File: fig/experiment/170912/samplifier-eps-converted-to.pdf Graphic file (type 
pdf)
 <use fig/experiment/170912/samplifier-eps-converted-to.pdf>
Package pdftex.def Info: fig/experiment/170912/samplifier-eps-converted-to.pdf 
used on input line 155.
(pdftex.def)             Requested size: 113.99788pt x 94.99974pt.
Package epstopdf Info: Source file: <fig/experiment/170912/sphase.eps>
(epstopdf)                    date: 2018-02-28 20:18:23
(epstopdf)                    size: 24324 bytes
(epstopdf)             Output file: <fig/experiment/170912/sphase-eps-converted
-to.pdf>
(epstopdf)                    date: 2018-02-28 20:19:46
(epstopdf)                    size: 9846 bytes
(epstopdf)             Command: <repstopdf --outfile=fig/experiment/170912/spha
se-eps-converted-to.pdf fig/experiment/170912/sphase.eps>
(epstopdf)             \includegraphics on input line 159.
Package epstopdf Info: Output file is already uptodate.

<fig/experiment/170912/sphase-eps-converted-to.pdf, id=64, 289.08pt x 201.75375
pt>
File: fig/experiment/170912/sphase-eps-converted-to.pdf Graphic file (type pdf)

 <use fig/experiment/170912/sphase-eps-converted-to.pdf>
Package pdftex.def Info: fig/experiment/170912/sphase-eps-converted-to.pdf used
 on input line 159.
(pdftex.def)             Requested size: 113.99788pt x 94.99974pt.
Package epstopdf Info: Source file: <fig/experiment/170912/sarate.eps>
(epstopdf)                    date: 2018-02-28 20:18:15
(epstopdf)                    size: 24512 bytes
(epstopdf)             Output file: <fig/experiment/170912/sarate-eps-converted
-to.pdf>
(epstopdf)                    date: 2018-02-28 20:19:47
(epstopdf)                    size: 10244 bytes
(epstopdf)             Command: <repstopdf --outfile=fig/experiment/170912/sara
te-eps-converted-to.pdf fig/experiment/170912/sarate.eps>
(epstopdf)             \includegraphics on input line 163.
Package epstopdf Info: Output file is already uptodate.

<fig/experiment/170912/sarate-eps-converted-to.pdf, id=65, 289.08pt x 201.75375
pt>
File: fig/experiment/170912/sarate-eps-converted-to.pdf Graphic file (type pdf)

 <use fig/experiment/170912/sarate-eps-converted-to.pdf>
Package pdftex.def Info: fig/experiment/170912/sarate-eps-converted-to.pdf used
 on input line 163.
(pdftex.def)             Requested size: 113.99788pt x 94.99974pt.
Package epstopdf Info: Source file: <fig/experiment/170912/svel.eps>
(epstopdf)                    date: 2018-02-28 20:19:24
(epstopdf)                    size: 25038 bytes
(epstopdf)             Output file: <fig/experiment/170912/svel-eps-converted-t
o.pdf>
(epstopdf)                    date: 2018-02-28 20:19:47
(epstopdf)                    size: 11491 bytes
(epstopdf)             Command: <repstopdf --outfile=fig/experiment/170912/svel
-eps-converted-to.pdf fig/experiment/170912/svel.eps>
(epstopdf)             \includegraphics on input line 167.
Package epstopdf Info: Output file is already uptodate.

<fig/experiment/170912/svel-eps-converted-to.pdf, id=66, 289.08pt x 201.75375pt
>
File: fig/experiment/170912/svel-eps-converted-to.pdf Graphic file (type pdf)
 <use fig/experiment/170912/svel-eps-converted-to.pdf>
Package pdftex.def Info: fig/experiment/170912/svel-eps-converted-to.pdf used o
n input line 167.
(pdftex.def)             Requested size: 113.99788pt x 94.99974pt.


LaTeX Warning: `!h' float specifier changed to `!ht'.

[5 <./fig/experiment/170912/cluster-eps-converted-to.pdf> <./fig/experiment/BSB
/34s-eps-converted-to.pdf> <./fig/experiment/BSB/49s-eps-converted-to.pdf> <./f
ig/experiment/BSB/1m05s-eps-converted-to.pdf> <./fig/experiment/BSB/1m17s-eps-c
onverted-to.pdf> <./fig/experiment/BSB/1m27s-eps-converted-to.pdf> <./fig/exper
iment/BSB/1m35s-eps-converted-to.pdf> <./fig/experiment/BSB/a-eps-converted-to.
pdf> <./fig/experiment/BSB/p-eps-converted-to.pdf> <./fig/experiment/BSB/w-eps-
converted-to.pdf> <./fig/experiment/BSB/v-eps-converted-to.pdf>]
Package epstopdf Info: Source file: <fig/experiment/170912/figCE.eps>
(epstopdf)                    date: 2018-02-28 21:39:49
(epstopdf)                    size: 20594 bytes
(epstopdf)             Output file: <fig/experiment/170912/figCE-eps-converted-
to.pdf>
(epstopdf)                    date: 2018-02-28 21:40:13
(epstopdf)                    size: 6199 bytes
(epstopdf)             Command: <repstopdf --outfile=fig/experiment/170912/figC
E-eps-converted-to.pdf fig/experiment/170912/figCE.eps>
(epstopdf)             \includegraphics on input line 184.
Package epstopdf Info: Output file is already uptodate.

<fig/experiment/170912/figCE-eps-converted-to.pdf, id=116, 172.645pt x 144.54pt
>
File: fig/experiment/170912/figCE-eps-converted-to.pdf Graphic file (type pdf)
 <use fig/experiment/170912/figCE-eps-converted-to.pdf>
Package pdftex.def Info: fig/experiment/170912/figCE-eps-converted-to.pdf used 
on input line 184.
(pdftex.def)             Requested size: 114.00136pt x 94.99968pt.
Package epstopdf Info: Source file: <fig/experiment/170912/TimeSpent.eps>
(epstopdf)                    date: 2018-02-28 22:05:06
(epstopdf)                    size: 20750 bytes
(epstopdf)             Output file: <fig/experiment/170912/TimeSpent-eps-conver
ted-to.pdf>
(epstopdf)                    date: 2018-02-28 22:05:25
(epstopdf)                    size: 6569 bytes
(epstopdf)             Command: <repstopdf --outfile=fig/experiment/170912/Time
Spent-eps-converted-to.pdf fig/experiment/170912/TimeSpent.eps>
(epstopdf)             \includegraphics on input line 188.
Package epstopdf Info: Output file is already uptodate.

<fig/experiment/170912/TimeSpent-eps-converted-to.pdf, id=117, 216.81pt x 180.6
75pt>
File: fig/experiment/170912/TimeSpent-eps-converted-to.pdf Graphic file (type p
df)
 <use fig/experiment/170912/TimeSpent-eps-converted-to.pdf>
Package pdftex.def Info: fig/experiment/170912/TimeSpent-eps-converted-to.pdf u
sed on input line 188.
(pdftex.def)             Requested size: 114.00229pt x 94.99915pt.
)
(./conclusion.tex) (./root.bbl)

** Conference Paper **
Before submitting the final camera ready copy, remember to:

 1. Manually equalize the lengths of two columns on the last page
 of your paper;

 2. Ensure that any PostScript and/or PDF output post-processing
 uses only Type 1 fonts and that every step in the generation
 process uses the US letter (8.5in X 11in) paper size.

[6 <./fig/experiment/170912/samplifier-eps-converted-to.pdf> <./fig/experiment/
170912/sphase-eps-converted-to.pdf> <./fig/experiment/170912/sarate-eps-convert
ed-to.pdf> <./fig/experiment/170912/svel-eps-converted-to.pdf> <./fig/experimen
t/170912/figCE-eps-converted-to.pdf> <./fig/experiment/170912/TimeSpent-eps-con
verted-to.pdf>] (./root.aux) ) 
Here is how much of TeX's memory you used:
 5821 strings out of 494724
 82009 string characters out of 6174697
 176691 words of memory out of 5000000
 8956 multiletter control sequences out of 15000+600000
 50671 words of font info for 117 fonts, out of 8000000 for 9000
 105 hyphenation exceptions out of 8191
 38i,14n,43p,1319b,347s stack positions out of 5000i,500n,10000p,200000b,80000s
{/usr/share/texlive/texmf-dist/fonts/enc/dvips/ba
se/8r.enc}</usr/share/texlive/texmf-dist/fonts/type1/public/amsfonts/cm/cmex10.
pfb></usr/share/texlive/texmf-dist/fonts/type1/public/amsfonts/cmextra/cmex7.pf
b></usr/share/texlive/texmf-dist/fonts/type1/public/amsfonts/cm/cmmi10.pfb></us
r/share/texlive/texmf-dist/fonts/type1/public/amsfonts/cm/cmmi5.pfb></usr/share
/texlive/texmf-dist/fonts/type1/public/amsfonts/cm/cmmi6.pfb></usr/share/texliv
e/texmf-dist/fonts/type1/public/amsfonts/cm/cmmi7.pfb></usr/share/texlive/texmf
-dist/fonts/type1/public/amsfonts/cm/cmmi8.pfb></usr/share/texlive/texmf-dist/f
onts/type1/public/amsfonts/cm/cmmib10.pfb></usr/share/texlive/texmf-dist/fonts/
type1/public/amsfonts/cmextra/cmmib7.pfb></usr/share/texlive/texmf-dist/fonts/t
ype1/public/amsfonts/cm/cmr10.pfb></usr/share/texlive/texmf-dist/fonts/type1/pu
blic/amsfonts/cm/cmr5.pfb></usr/share/texlive/texmf-dist/fonts/type1/public/ams
fonts/cm/cmr7.pfb></usr/share/texlive/texmf-dist/fonts/type1/public/amsfonts/cm
/cmsy10.pfb></usr/share/texlive/texmf-dist/fonts/type1/public/amsfonts/cm/cmsy7
.pfb></usr/share/texlive/texmf-dist/fonts/type1/public/amsfonts/cm/cmsy8.pfb></
usr/share/texlive/texmf-dist/fonts/type1/urw/times/utmb8a.pfb></usr/share/texli
ve/texmf-dist/fonts/type1/urw/times/utmbi8a.pfb></usr/share/texlive/texmf-dist/
fonts/type1/urw/times/utmr8a.pfb></usr/share/texlive/texmf-dist/fonts/type1/urw
/times/utmri8a.pfb>
Output written on root.pdf (6 pages, 600747 bytes).
PDF statistics:
 224 PDF objects out of 1000 (max. 8388607)
 150 compressed objects within 2 object streams
 0 named destinations out of 1000 (max. 500000)
 96 words of extra memory for PDF output out of 10000 (max. 10000000)

